<?xml version="1.0" encoding="UTF-8"?>
<testng-results total="2" passed="2" failed="0" skipped="0">
  <reporter-output>
  </reporter-output>
  <suite started-at="2020-07-19T10:58:16Z" name="Rest_Framework.Rest_Framework.AppTest" finished-at="2020-07-19T10:58:24Z" duration-ms="7643">
    <groups>
    </groups>
    <test started-at="2020-07-19T10:58:16Z" name="Command line test" finished-at="2020-07-19T10:58:24Z" duration-ms="7643">
      <class name="Rest_Framework.Rest_Framework.AppTest">
        <test-method signature="test_GetHealcheck()[pri:0, instance:Rest_Framework.Rest_Framework.AppTest@48503868]" started-at="2020-07-19T16:28:16Z" name="test_GetHealcheck" finished-at="2020-07-19T16:28:23Z" duration-ms="6631" status="PASS">
          <reporter-output>
          </reporter-output>
        </test-method> <!-- test_GetHealcheck -->
        <test-method signature="test_GetHeartbeat()[pri:0, instance:Rest_Framework.Rest_Framework.AppTest@48503868]" started-at="2020-07-19T16:28:23Z" name="test_GetHeartbeat" finished-at="2020-07-19T16:28:24Z" duration-ms="991" status="PASS">
          <reporter-output>
          </reporter-output>
        </test-method> <!-- test_GetHeartbeat -->
      </class> <!-- Rest_Framework.Rest_Framework.AppTest -->
    </test> <!-- Command line test -->
  </suite> <!-- Rest_Framework.Rest_Framework.AppTest -->
</testng-results>
